[0.094s] DEBUG:colcon:Command line arguments: ['/usr/bin/colcon', 'build']
[0.094s] DEBUG:colcon:Parsed command line arguments: Namespace(log_base=None, log_level=None, verb_name='build', build_base='build', install_base='install', merge_install=False, symlink_install=False, test_result_base=None, continue_on_error=False, executor='sequential', event_handlers=None, base_paths=['.'], paths=None, cmake_args=None, cmake_target=None, cmake_target_skip_unavailable=False, cmake_clean_cache=False, cmake_clean_first=False, cmake_force_configure=False, ament_cmake_args=None, catkin_cmake_args=None, catkin_skip_building_tests=False, verb_parser=CustomArgumentParser(prog='colcon build', usage=None, description='Build a set of packages.', formatter_class=<class 'colcon_core.command.CustomFormatter'>, conflict_handler='error', add_help=True), verb_extension=<colcon_core.verb.build.BuildVerb object at 0x7f6819dc0460>, main=<bound method BuildVerb.main of <colcon_core.verb.build.BuildVerb object at 0x7f6819dc0460>>)
[0.105s] Level 1:colcon.colcon_core.package_discovery:discover_packages(recursive) check parameters
[0.105s] Level 1:colcon.colcon_core.package_discovery:discover_packages(path) check parameters
[0.105s] Level 1:colcon.colcon_core.package_discovery:discover_packages(recursive) discover
[0.105s] INFO:colcon.colcon_core.package_discovery:Crawling recursively for packages in '/home/uki/task'
[0.105s] Level 1:colcon.colcon_core.package_identification:_identify(.) by extensions ['ignore', 'ignore_ament_install']
[0.105s] Level 1:colcon.colcon_core.package_identification:_identify(.) by extension 'ignore'
[0.106s] Level 1:colcon.colcon_core.package_identification:_identify(.) by extension 'ignore_ament_install'
[0.106s] Level 1:colcon.colcon_core.package_identification:_identify(.) by extensions ['ros']
[0.106s] Level 1:colcon.colcon_core.package_identification:_identify(.) by extension 'ros'
[0.111s] Level 1:colcon.colcon_core.package_identification:_identify(.) by extensions ['cmake', 'python']
[0.111s] Level 1:colcon.colcon_core.package_identification:_identify(.) by extension 'cmake'
[0.111s] Level 1:colcon.colcon_core.package_identification:_identify(.) by extension 'python'
[0.111s] Level 1:colcon.colcon_core.package_identification:_identify(.) by extensions ['python_setup_py']
[0.111s] Level 1:colcon.colcon_core.package_identification:_identify(.) by extension 'python_setup_py'
[0.111s] Level 1:colcon.colcon_core.package_identification:_identify(build) by extensions ['ignore', 'ignore_ament_install']
[0.111s] Level 1:colcon.colcon_core.package_identification:_identify(build) by extension 'ignore'
[0.111s] Level 1:colcon.colcon_core.package_identification:_identify(build) ignored
[0.111s] Level 1:colcon.colcon_core.package_identification:_identify(install) by extensions ['ignore', 'ignore_ament_install']
[0.111s] Level 1:colcon.colcon_core.package_identification:_identify(install) by extension 'ignore'
[0.111s] Level 1:colcon.colcon_core.package_identification:_identify(install) ignored
[0.112s] Level 1:colcon.colcon_core.package_identification:_identify(log) by extensions ['ignore', 'ignore_ament_install']
[0.112s] Level 1:colcon.colcon_core.package_identification:_identify(log) by extension 'ignore'
[0.112s] Level 1:colcon.colcon_core.package_identification:_identify(log) ignored
[0.112s] Level 1:colcon.colcon_core.package_identification:_identify(src) by extensions ['ignore', 'ignore_ament_install']
[0.112s] Level 1:colcon.colcon_core.package_identification:_identify(src) by extension 'ignore'
[0.112s] Level 1:colcon.colcon_core.package_identification:_identify(src) by extension 'ignore_ament_install'
[0.112s] Level 1:colcon.colcon_core.package_identification:_identify(src) by extensions ['ros']
[0.112s] Level 1:colcon.colcon_core.package_identification:_identify(src) by extension 'ros'
[0.112s] Level 1:colcon.colcon_core.package_identification:_identify(src) by extensions ['cmake', 'python']
[0.112s] Level 1:colcon.colcon_core.package_identification:_identify(src) by extension 'cmake'
[0.112s] Level 1:colcon.colcon_core.package_identification:_identify(src) by extension 'python'
[0.112s] Level 1:colcon.colcon_core.package_identification:_identify(src) by extensions ['python_setup_py']
[0.112s] Level 1:colcon.colcon_core.package_identification:_identify(src) by extension 'python_setup_py'
[0.112s] Level 1:colcon.colcon_core.package_identification:_identify(src/add_two_num) by extensions ['ignore', 'ignore_ament_install']
[0.112s] Level 1:colcon.colcon_core.package_identification:_identify(src/add_two_num) by extension 'ignore'
[0.112s] Level 1:colcon.colcon_core.package_identification:_identify(src/add_two_num) by extension 'ignore_ament_install'
[0.112s] Level 1:colcon.colcon_core.package_identification:_identify(src/add_two_num) by extensions ['ros']
[0.112s] Level 1:colcon.colcon_core.package_identification:_identify(src/add_two_num) by extension 'ros'
[0.113s] DEBUG:colcon.colcon_core.package_identification:Package 'src/add_two_num' with type 'ros.ament_python' and name 'add_two_num'
[0.113s] Level 1:colcon.colcon_core.package_discovery:discover_packages(recursive) using defaults
[0.113s] Level 1:colcon.colcon_core.package_discovery:discover_packages(path) discover
[0.113s] Level 1:colcon.colcon_core.package_discovery:discover_packages(path) using defaults
[0.126s] Level 5:colcon.colcon_core.verb:set package 'add_two_num' build argument 'cmake_args' from command line to 'None'
[0.126s] Level 5:colcon.colcon_core.verb:set package 'add_two_num' build argument 'cmake_target' from command line to 'None'
[0.126s] Level 5:colcon.colcon_core.verb:set package 'add_two_num' build argument 'cmake_target_skip_unavailable' from command line to 'False'
[0.126s] Level 5:colcon.colcon_core.verb:set package 'add_two_num' build argument 'cmake_clean_cache' from command line to 'False'
[0.126s] Level 5:colcon.colcon_core.verb:set package 'add_two_num' build argument 'cmake_clean_first' from command line to 'False'
[0.126s] Level 5:colcon.colcon_core.verb:set package 'add_two_num' build argument 'cmake_force_configure' from command line to 'False'
[0.126s] Level 5:colcon.colcon_core.verb:set package 'add_two_num' build argument 'ament_cmake_args' from command line to 'None'
[0.126s] Level 5:colcon.colcon_core.verb:set package 'add_two_num' build argument 'catkin_cmake_args' from command line to 'None'
[0.126s] Level 5:colcon.colcon_core.verb:set package 'add_two_num' build argument 'catkin_skip_building_tests' from command line to 'False'
[0.126s] DEBUG:colcon.colcon_core.verb:Building package 'add_two_num' with the following arguments: {'ament_cmake_args': None, 'build_base': '/home/uki/task/build/add_two_num', 'catkin_cmake_args': None, 'catkin_skip_building_tests': False, 'cmake_args': None, 'cmake_clean_cache': False, 'cmake_clean_first': False, 'cmake_force_configure': False, 'cmake_target': None, 'cmake_target_skip_unavailable': False, 'install_base': '/home/uki/task/install/add_two_num', 'merge_install': False, 'path': '/home/uki/task/src/add_two_num', 'symlink_install': False, 'test_result_base': None}
[0.126s] INFO:colcon.colcon_core.executor:Executing jobs using 'sequential' executor
[0.127s] DEBUG:colcon.colcon_core.executor.sequential:run_until_complete 'add_two_num'
[0.127s] INFO:colcon.colcon_ros.task.ament_python.build:Building ROS package in '/home/uki/task/src/add_two_num' with build type 'ament_python'
[0.127s] Level 1:colcon.colcon_core.shell:create_environment_hook('add_two_num', 'ament_prefix_path')
[0.128s] INFO:colcon.colcon_core.plugin_system:Skipping extension 'colcon_core.shell.bat': Not used on non-Windows systems
[0.128s] INFO:colcon.colcon_core.shell:Creating environment descriptor '/home/uki/task/install/add_two_num/share/add_two_num/hook/ament_prefix_path.dsv'
[0.129s] INFO:colcon.colcon_core.shell:Creating environment hook '/home/uki/task/install/add_two_num/share/add_two_num/hook/ament_prefix_path.sh'
[0.129s] DEBUG:colcon.colcon_core.shell:Skip shell extension 'dsv' for command environment
[0.331s] INFO:colcon.colcon_core.task.python.build:Building Python package in '/home/uki/task/src/add_two_num'
[0.332s] DEBUG:colcon.colcon_core.shell:Skip shell extension 'dsv' for command environment
[0.471s] DEBUG:colcon.colcon_core.event_handler.log_command:Invoking command in '/home/uki/task/src/add_two_num': PYTHONPATH=/home/uki/task/build/add_two_num/prefix_override:/home/uki/task/install/add_two_num/lib/python3.10/site-packages:${PYTHONPATH} /usr/bin/python3 setup.py egg_info --egg-base ../../build/add_two_num build --build-base /home/uki/task/build/add_two_num/build install --record /home/uki/task/build/add_two_num/install.log --single-version-externally-managed
[0.607s] DEBUG:colcon.colcon_core.event_handler.log_command:Invoked command in '/home/uki/task/src/add_two_num' returned '0': PYTHONPATH=/home/uki/task/build/add_two_num/prefix_override:/home/uki/task/install/add_two_num/lib/python3.10/site-packages:${PYTHONPATH} /usr/bin/python3 setup.py egg_info --egg-base ../../build/add_two_num build --build-base /home/uki/task/build/add_two_num/build install --record /home/uki/task/build/add_two_num/install.log --single-version-externally-managed
[0.611s] Level 1:colcon.colcon_core.environment:checking '/home/uki/task/install/add_two_num' for CMake module files
[0.612s] Level 1:colcon.colcon_core.environment:checking '/home/uki/task/install/add_two_num' for CMake config files
[0.612s] Level 1:colcon.colcon_core.environment:checking '/home/uki/task/install/add_two_num/lib'
[0.612s] Level 1:colcon.colcon_core.environment:checking '/home/uki/task/install/add_two_num/bin'
[0.612s] Level 1:colcon.colcon_core.environment:checking '/home/uki/task/install/add_two_num/lib/pkgconfig/add_two_num.pc'
[0.613s] Level 1:colcon.colcon_core.environment:checking '/home/uki/task/install/add_two_num/lib/python3.10/site-packages'
[0.613s] Level 1:colcon.colcon_core.shell:create_environment_hook('add_two_num', 'pythonpath')
[0.614s] INFO:colcon.colcon_core.shell:Creating environment descriptor '/home/uki/task/install/add_two_num/share/add_two_num/hook/pythonpath.dsv'
[0.614s] INFO:colcon.colcon_core.shell:Creating environment hook '/home/uki/task/install/add_two_num/share/add_two_num/hook/pythonpath.sh'
[0.614s] Level 1:colcon.colcon_core.environment:checking '/home/uki/task/install/add_two_num/bin'
[0.614s] Level 1:colcon.colcon_core.environment:create_environment_scripts_only(add_two_num)
[0.615s] INFO:colcon.colcon_core.shell:Creating package descriptor '/home/uki/task/install/add_two_num/share/add_two_num/package.dsv'
[0.616s] INFO:colcon.colcon_core.shell:Creating package script '/home/uki/task/install/add_two_num/share/add_two_num/package.sh'
[0.616s] Level 1:colcon.colcon_core.environment:create_file_with_runtime_dependencies(/home/uki/task/install/add_two_num/share/colcon-core/packages/add_two_num)
[0.616s] DEBUG:colcon.colcon_core.executor.sequential:run_until_complete 'add_two_num' finished with '0'
[0.617s] DEBUG:colcon.colcon_core.executor.sequential:closing loop
[0.617s] DEBUG:colcon.colcon_core.executor.sequential:loop closed
[0.617s] DEBUG:colcon.colcon_core.event_reactor:joining thread
[0.617s] DEBUG:colcon.colcon_core.event_reactor:joined thread
[0.618s] INFO:colcon.colcon_core.shell:Creating prefix script '/home/uki/task/install/local_setup.sh'
[0.618s] INFO:colcon.colcon_core.shell:Creating prefix util module '/home/uki/task/install/_local_setup_util_sh.py'
[0.619s] INFO:colcon.colcon_core.shell:Creating prefix chain script '/home/uki/task/install/setup.sh'
