[0.178s] DEBUG:colcon:Command line arguments: ['/usr/bin/colcon', 'build']
[0.178s] DEBUG:colcon:Parsed command line arguments: Namespace(log_base=None, log_level=None, verb_name='build', build_base='build', install_base='install', merge_install=False, symlink_install=False, test_result_base=None, continue_on_error=False, executor='sequential', event_handlers=None, base_paths=['.'], paths=None, cmake_args=None, cmake_target=None, cmake_target_skip_unavailable=False, cmake_clean_cache=False, cmake_clean_first=False, cmake_force_configure=False, ament_cmake_args=None, catkin_cmake_args=None, catkin_skip_building_tests=False, verb_parser=CustomArgumentParser(prog='colcon build', usage=None, description='Build a set of packages.', formatter_class=<class 'colcon_core.command.CustomFormatter'>, conflict_handler='error', add_help=True), verb_extension=<colcon_core.verb.build.BuildVerb object at 0x7f4146745330>, main=<bound method BuildVerb.main of <colcon_core.verb.build.BuildVerb object at 0x7f4146745330>>)
[0.199s] Level 1:colcon.colcon_core.package_discovery:discover_packages(recursive) check parameters
[0.199s] Level 1:colcon.colcon_core.package_discovery:discover_packages(path) check parameters
[0.199s] Level 1:colcon.colcon_core.package_discovery:discover_packages(recursive) discover
[0.199s] INFO:colcon.colcon_core.package_discovery:Crawling recursively for packages in '/home/uki/task'
[0.199s] Level 1:colcon.colcon_core.package_identification:_identify(.) by extensions ['ignore', 'ignore_ament_install']
[0.199s] Level 1:colcon.colcon_core.package_identification:_identify(.) by extension 'ignore'
[0.199s] Level 1:colcon.colcon_core.package_identification:_identify(.) by extension 'ignore_ament_install'
[0.199s] Level 1:colcon.colcon_core.package_identification:_identify(.) by extensions ['ros']
[0.200s] Level 1:colcon.colcon_core.package_identification:_identify(.) by extension 'ros'
[0.210s] Level 1:colcon.colcon_core.package_identification:_identify(.) by extensions ['cmake', 'python']
[0.210s] Level 1:colcon.colcon_core.package_identification:_identify(.) by extension 'cmake'
[0.210s] Level 1:colcon.colcon_core.package_identification:_identify(.) by extension 'python'
[0.210s] Level 1:colcon.colcon_core.package_identification:_identify(.) by extensions ['python_setup_py']
[0.210s] Level 1:colcon.colcon_core.package_identification:_identify(.) by extension 'python_setup_py'
[0.210s] Level 1:colcon.colcon_core.package_identification:_identify(build) by extensions ['ignore', 'ignore_ament_install']
[0.210s] Level 1:colcon.colcon_core.package_identification:_identify(build) by extension 'ignore'
[0.210s] Level 1:colcon.colcon_core.package_identification:_identify(build) ignored
[0.210s] Level 1:colcon.colcon_core.package_identification:_identify(install) by extensions ['ignore', 'ignore_ament_install']
[0.211s] Level 1:colcon.colcon_core.package_identification:_identify(install) by extension 'ignore'
[0.211s] Level 1:colcon.colcon_core.package_identification:_identify(install) ignored
[0.211s] Level 1:colcon.colcon_core.package_identification:_identify(log) by extensions ['ignore', 'ignore_ament_install']
[0.211s] Level 1:colcon.colcon_core.package_identification:_identify(log) by extension 'ignore'
[0.211s] Level 1:colcon.colcon_core.package_identification:_identify(log) ignored
[0.211s] Level 1:colcon.colcon_core.package_identification:_identify(src) by extensions ['ignore', 'ignore_ament_install']
[0.211s] Level 1:colcon.colcon_core.package_identification:_identify(src) by extension 'ignore'
[0.211s] Level 1:colcon.colcon_core.package_identification:_identify(src) by extension 'ignore_ament_install'
[0.211s] Level 1:colcon.colcon_core.package_identification:_identify(src) by extensions ['ros']
[0.211s] Level 1:colcon.colcon_core.package_identification:_identify(src) by extension 'ros'
[0.211s] Level 1:colcon.colcon_core.package_identification:_identify(src) by extensions ['cmake', 'python']
[0.211s] Level 1:colcon.colcon_core.package_identification:_identify(src) by extension 'cmake'
[0.211s] Level 1:colcon.colcon_core.package_identification:_identify(src) by extension 'python'
[0.211s] Level 1:colcon.colcon_core.package_identification:_identify(src) by extensions ['python_setup_py']
[0.211s] Level 1:colcon.colcon_core.package_identification:_identify(src) by extension 'python_setup_py'
[0.211s] Level 1:colcon.colcon_core.package_identification:_identify(src/add_two_num) by extensions ['ignore', 'ignore_ament_install']
[0.211s] Level 1:colcon.colcon_core.package_identification:_identify(src/add_two_num) by extension 'ignore'
[0.211s] Level 1:colcon.colcon_core.package_identification:_identify(src/add_two_num) by extension 'ignore_ament_install'
[0.211s] Level 1:colcon.colcon_core.package_identification:_identify(src/add_two_num) by extensions ['ros']
[0.211s] Level 1:colcon.colcon_core.package_identification:_identify(src/add_two_num) by extension 'ros'
[0.214s] DEBUG:colcon.colcon_core.package_identification:Package 'src/add_two_num' with type 'ros.ament_python' and name 'add_two_num'
[0.214s] Level 1:colcon.colcon_core.package_identification:_identify(src/interface) by extensions ['ignore', 'ignore_ament_install']
[0.214s] Level 1:colcon.colcon_core.package_identification:_identify(src/interface) by extension 'ignore'
[0.214s] Level 1:colcon.colcon_core.package_identification:_identify(src/interface) by extension 'ignore_ament_install'
[0.214s] Level 1:colcon.colcon_core.package_identification:_identify(src/interface) by extensions ['ros']
[0.214s] Level 1:colcon.colcon_core.package_identification:_identify(src/interface) by extension 'ros'
[0.214s] DEBUG:colcon.colcon_core.package_identification:Package 'src/interface' with type 'ros.ament_cmake' and name 'interface'
[0.214s] Level 1:colcon.colcon_core.package_discovery:discover_packages(recursive) using defaults
[0.214s] Level 1:colcon.colcon_core.package_discovery:discover_packages(path) discover
[0.214s] Level 1:colcon.colcon_core.package_discovery:discover_packages(path) using defaults
[0.236s] Level 5:colcon.colcon_core.verb:set package 'interface' build argument 'cmake_args' from command line to 'None'
[0.236s] Level 5:colcon.colcon_core.verb:set package 'interface' build argument 'cmake_target' from command line to 'None'
[0.236s] Level 5:colcon.colcon_core.verb:set package 'interface' build argument 'cmake_target_skip_unavailable' from command line to 'False'
[0.236s] Level 5:colcon.colcon_core.verb:set package 'interface' build argument 'cmake_clean_cache' from command line to 'False'
[0.236s] Level 5:colcon.colcon_core.verb:set package 'interface' build argument 'cmake_clean_first' from command line to 'False'
[0.236s] Level 5:colcon.colcon_core.verb:set package 'interface' build argument 'cmake_force_configure' from command line to 'False'
[0.236s] Level 5:colcon.colcon_core.verb:set package 'interface' build argument 'ament_cmake_args' from command line to 'None'
[0.236s] Level 5:colcon.colcon_core.verb:set package 'interface' build argument 'catkin_cmake_args' from command line to 'None'
[0.236s] Level 5:colcon.colcon_core.verb:set package 'interface' build argument 'catkin_skip_building_tests' from command line to 'False'
[0.236s] DEBUG:colcon.colcon_core.verb:Building package 'interface' with the following arguments: {'ament_cmake_args': None, 'build_base': '/home/uki/task/build/interface', 'catkin_cmake_args': None, 'catkin_skip_building_tests': False, 'cmake_args': None, 'cmake_clean_cache': False, 'cmake_clean_first': False, 'cmake_force_configure': False, 'cmake_target': None, 'cmake_target_skip_unavailable': False, 'install_base': '/home/uki/task/install/interface', 'merge_install': False, 'path': '/home/uki/task/src/interface', 'symlink_install': False, 'test_result_base': None}
[0.237s] Level 5:colcon.colcon_core.verb:set package 'add_two_num' build argument 'cmake_args' from command line to 'None'
[0.237s] Level 5:colcon.colcon_core.verb:set package 'add_two_num' build argument 'cmake_target' from command line to 'None'
[0.237s] Level 5:colcon.colcon_core.verb:set package 'add_two_num' build argument 'cmake_target_skip_unavailable' from command line to 'False'
[0.237s] Level 5:colcon.colcon_core.verb:set package 'add_two_num' build argument 'cmake_clean_cache' from command line to 'False'
[0.237s] Level 5:colcon.colcon_core.verb:set package 'add_two_num' build argument 'cmake_clean_first' from command line to 'False'
[0.237s] Level 5:colcon.colcon_core.verb:set package 'add_two_num' build argument 'cmake_force_configure' from command line to 'False'
[0.237s] Level 5:colcon.colcon_core.verb:set package 'add_two_num' build argument 'ament_cmake_args' from command line to 'None'
[0.237s] Level 5:colcon.colcon_core.verb:set package 'add_two_num' build argument 'catkin_cmake_args' from command line to 'None'
[0.237s] Level 5:colcon.colcon_core.verb:set package 'add_two_num' build argument 'catkin_skip_building_tests' from command line to 'False'
[0.237s] DEBUG:colcon.colcon_core.verb:Building package 'add_two_num' with the following arguments: {'ament_cmake_args': None, 'build_base': '/home/uki/task/build/add_two_num', 'catkin_cmake_args': None, 'catkin_skip_building_tests': False, 'cmake_args': None, 'cmake_clean_cache': False, 'cmake_clean_first': False, 'cmake_force_configure': False, 'cmake_target': None, 'cmake_target_skip_unavailable': False, 'install_base': '/home/uki/task/install/add_two_num', 'merge_install': False, 'path': '/home/uki/task/src/add_two_num', 'symlink_install': False, 'test_result_base': None}
[0.237s] INFO:colcon.colcon_core.executor:Executing jobs using 'sequential' executor
[0.239s] DEBUG:colcon.colcon_core.executor.sequential:run_until_complete 'interface'
[0.239s] INFO:colcon.colcon_ros.task.ament_cmake.build:Building ROS package in '/home/uki/task/src/interface' with build type 'ament_cmake'
[0.239s] INFO:colcon.colcon_cmake.task.cmake.build:Building CMake package in '/home/uki/task/src/interface'
[0.241s] INFO:colcon.colcon_core.plugin_system:Skipping extension 'colcon_core.shell.bat': Not used on non-Windows systems
[0.241s] DEBUG:colcon.colcon_core.shell:Skip shell extension 'dsv' for command environment
[0.248s] DEBUG:colcon.colcon_core.event_handler.log_command:Invoking command in '/home/uki/task/build/interface': CMAKE_PREFIX_PATH=/home/uki/task/install/add_two_num:/opt/ros/humble /usr/bin/cmake /home/uki/task/src/interface -DCMAKE_INSTALL_PREFIX=/home/uki/task/install/interface
[1.139s] DEBUG:colcon.colcon_core.event_handler.log_command:Invoked command in '/home/uki/task/build/interface' returned '0': CMAKE_PREFIX_PATH=/home/uki/task/install/add_two_num:/opt/ros/humble /usr/bin/cmake /home/uki/task/src/interface -DCMAKE_INSTALL_PREFIX=/home/uki/task/install/interface
[1.140s] DEBUG:colcon.colcon_core.event_handler.log_command:Invoking command in '/home/uki/task/build/interface': CMAKE_PREFIX_PATH=/home/uki/task/install/add_two_num:/opt/ros/humble /usr/bin/cmake --build /home/uki/task/build/interface -- -j8 -l8
[2.609s] DEBUG:colcon.colcon_core.event_handler.log_command:Invoked command in '/home/uki/task/build/interface' returned '0': CMAKE_PREFIX_PATH=/home/uki/task/install/add_two_num:/opt/ros/humble /usr/bin/cmake --build /home/uki/task/build/interface -- -j8 -l8
[2.659s] DEBUG:colcon.colcon_core.event_handler.log_command:Invoking command in '/home/uki/task/build/interface': CMAKE_PREFIX_PATH=/home/uki/task/install/add_two_num:/opt/ros/humble /usr/bin/cmake --install /home/uki/task/build/interface
[2.709s] Level 1:colcon.colcon_core.environment:create_environment_scripts_only(interface)
[2.709s] DEBUG:colcon.colcon_core.event_handler.log_command:Invoked command in '/home/uki/task/build/interface' returned '0': CMAKE_PREFIX_PATH=/home/uki/task/install/add_two_num:/opt/ros/humble /usr/bin/cmake --install /home/uki/task/build/interface
[2.713s] Level 1:colcon.colcon_core.environment:checking '/home/uki/task/install/interface' for CMake module files
[2.714s] Level 1:colcon.colcon_core.environment:checking '/home/uki/task/install/interface' for CMake config files
[2.714s] Level 1:colcon.colcon_core.shell:create_environment_hook('interface', 'cmake_prefix_path')
[2.715s] INFO:colcon.colcon_core.shell:Creating environment descriptor '/home/uki/task/install/interface/share/interface/hook/cmake_prefix_path.dsv'
[2.716s] INFO:colcon.colcon_core.shell:Creating environment hook '/home/uki/task/install/interface/share/interface/hook/cmake_prefix_path.sh'
[2.717s] Level 1:colcon.colcon_core.environment:checking '/home/uki/task/install/interface/lib'
[2.717s] Level 1:colcon.colcon_core.shell:create_environment_hook('interface', 'ld_library_path_lib')
[2.718s] INFO:colcon.colcon_core.shell:Creating environment descriptor '/home/uki/task/install/interface/share/interface/hook/ld_library_path_lib.dsv'
[2.718s] INFO:colcon.colcon_core.shell:Creating environment hook '/home/uki/task/install/interface/share/interface/hook/ld_library_path_lib.sh'
[2.718s] Level 1:colcon.colcon_core.environment:checking '/home/uki/task/install/interface/bin'
[2.718s] Level 1:colcon.colcon_core.environment:checking '/home/uki/task/install/interface/lib/pkgconfig/interface.pc'
[2.719s] Level 1:colcon.colcon_core.environment:checking '/home/uki/task/install/interface/lib/python3.10/site-packages'
[2.719s] Level 1:colcon.colcon_core.environment:checking '/home/uki/task/install/interface/bin'
[2.720s] INFO:colcon.colcon_core.shell:Creating package descriptor '/home/uki/task/install/interface/share/interface/package.dsv'
[2.720s] INFO:colcon.colcon_core.shell:Creating package script '/home/uki/task/install/interface/share/interface/package.sh'
[2.721s] Level 1:colcon.colcon_core.environment:create_file_with_runtime_dependencies(/home/uki/task/install/interface/share/colcon-core/packages/interface)
[2.764s] Level 1:colcon.colcon_core.environment:create_environment_scripts_only(interface)
[2.765s] Level 1:colcon.colcon_core.environment:checking '/home/uki/task/install/interface' for CMake module files
[2.765s] Level 1:colcon.colcon_core.environment:checking '/home/uki/task/install/interface' for CMake config files
[2.765s] Level 1:colcon.colcon_core.shell:create_environment_hook('interface', 'cmake_prefix_path')
[2.766s] INFO:colcon.colcon_core.shell:Creating environment descriptor '/home/uki/task/install/interface/share/interface/hook/cmake_prefix_path.dsv'
[2.766s] INFO:colcon.colcon_core.shell:Creating environment hook '/home/uki/task/install/interface/share/interface/hook/cmake_prefix_path.sh'
[2.766s] Level 1:colcon.colcon_core.environment:checking '/home/uki/task/install/interface/lib'
[2.766s] Level 1:colcon.colcon_core.shell:create_environment_hook('interface', 'ld_library_path_lib')
[2.767s] INFO:colcon.colcon_core.shell:Creating environment descriptor '/home/uki/task/install/interface/share/interface/hook/ld_library_path_lib.dsv'
[2.767s] INFO:colcon.colcon_core.shell:Creating environment hook '/home/uki/task/install/interface/share/interface/hook/ld_library_path_lib.sh'
[2.767s] Level 1:colcon.colcon_core.environment:checking '/home/uki/task/install/interface/bin'
[2.767s] Level 1:colcon.colcon_core.environment:checking '/home/uki/task/install/interface/lib/pkgconfig/interface.pc'
[2.767s] Level 1:colcon.colcon_core.environment:checking '/home/uki/task/install/interface/lib/python3.10/site-packages'
[2.767s] Level 1:colcon.colcon_core.environment:checking '/home/uki/task/install/interface/bin'
[2.768s] INFO:colcon.colcon_core.shell:Creating package descriptor '/home/uki/task/install/interface/share/interface/package.dsv'
[2.768s] INFO:colcon.colcon_core.shell:Creating package script '/home/uki/task/install/interface/share/interface/package.sh'
[2.768s] Level 1:colcon.colcon_core.environment:create_file_with_runtime_dependencies(/home/uki/task/install/interface/share/colcon-core/packages/interface)
[2.768s] DEBUG:colcon.colcon_core.executor.sequential:run_until_complete 'interface' finished with '0'
[2.768s] DEBUG:colcon.colcon_core.executor.sequential:run_until_complete 'add_two_num'
[2.768s] INFO:colcon.colcon_ros.task.ament_python.build:Building ROS package in '/home/uki/task/src/add_two_num' with build type 'ament_python'
[2.768s] Level 1:colcon.colcon_core.shell:create_environment_hook('add_two_num', 'ament_prefix_path')
[2.769s] INFO:colcon.colcon_core.shell:Creating environment descriptor '/home/uki/task/install/add_two_num/share/add_two_num/hook/ament_prefix_path.dsv'
[2.769s] INFO:colcon.colcon_core.shell:Creating environment hook '/home/uki/task/install/add_two_num/share/add_two_num/hook/ament_prefix_path.sh'
[2.769s] DEBUG:colcon.colcon_core.shell:Skip shell extension 'dsv' for command environment
[2.987s] INFO:colcon.colcon_core.task.python.build:Building Python package in '/home/uki/task/src/add_two_num'
[2.988s] DEBUG:colcon.colcon_core.shell:Skip shell extension 'dsv' for command environment
[3.280s] DEBUG:colcon.colcon_core.event_handler.log_command:Invoking command in '/home/uki/task/src/add_two_num': AMENT_PREFIX_PATH=/home/uki/task/install/interface:${AMENT_PREFIX_PATH} CMAKE_PREFIX_PATH=/home/uki/task/install/interface LD_LIBRARY_PATH=/home/uki/task/install/interface/lib:${LD_LIBRARY_PATH} PYTHONPATH=/home/uki/task/build/add_two_num/prefix_override:/home/uki/task/install/add_two_num/lib/python3.10/site-packages:/home/uki/task/install/interface/local/lib/python3.10/dist-packages:${PYTHONPATH} /usr/bin/python3 setup.py egg_info --egg-base ../../build/add_two_num build --build-base /home/uki/task/build/add_two_num/build install --record /home/uki/task/build/add_two_num/install.log --single-version-externally-managed
[3.402s] Level 1:colcon.colcon_core.environment:checking '/home/uki/task/install/add_two_num' for CMake module files
[3.402s] Level 1:colcon.colcon_core.environment:checking '/home/uki/task/install/add_two_num' for CMake config files
[3.402s] DEBUG:colcon.colcon_core.event_handler.log_command:Invoked command in '/home/uki/task/src/add_two_num' returned '0': AMENT_PREFIX_PATH=/home/uki/task/install/interface:${AMENT_PREFIX_PATH} CMAKE_PREFIX_PATH=/home/uki/task/install/interface LD_LIBRARY_PATH=/home/uki/task/install/interface/lib:${LD_LIBRARY_PATH} PYTHONPATH=/home/uki/task/build/add_two_num/prefix_override:/home/uki/task/install/add_two_num/lib/python3.10/site-packages:/home/uki/task/install/interface/local/lib/python3.10/dist-packages:${PYTHONPATH} /usr/bin/python3 setup.py egg_info --egg-base ../../build/add_two_num build --build-base /home/uki/task/build/add_two_num/build install --record /home/uki/task/build/add_two_num/install.log --single-version-externally-managed
[3.403s] Level 1:colcon.colcon_core.environment:checking '/home/uki/task/install/add_two_num/lib'
[3.403s] Level 1:colcon.colcon_core.environment:checking '/home/uki/task/install/add_two_num/bin'
[3.403s] Level 1:colcon.colcon_core.environment:checking '/home/uki/task/install/add_two_num/lib/pkgconfig/add_two_num.pc'
[3.403s] Level 1:colcon.colcon_core.environment:checking '/home/uki/task/install/add_two_num/lib/python3.10/site-packages'
[3.403s] Level 1:colcon.colcon_core.shell:create_environment_hook('add_two_num', 'pythonpath')
[3.403s] INFO:colcon.colcon_core.shell:Creating environment descriptor '/home/uki/task/install/add_two_num/share/add_two_num/hook/pythonpath.dsv'
[3.403s] INFO:colcon.colcon_core.shell:Creating environment hook '/home/uki/task/install/add_two_num/share/add_two_num/hook/pythonpath.sh'
[3.404s] Level 1:colcon.colcon_core.environment:checking '/home/uki/task/install/add_two_num/bin'
[3.404s] Level 1:colcon.colcon_core.environment:create_environment_scripts_only(add_two_num)
[3.404s] INFO:colcon.colcon_core.shell:Creating package descriptor '/home/uki/task/install/add_two_num/share/add_two_num/package.dsv'
[3.404s] INFO:colcon.colcon_core.shell:Creating package script '/home/uki/task/install/add_two_num/share/add_two_num/package.sh'
[3.405s] Level 1:colcon.colcon_core.environment:create_file_with_runtime_dependencies(/home/uki/task/install/add_two_num/share/colcon-core/packages/add_two_num)
[3.405s] DEBUG:colcon.colcon_core.executor.sequential:run_until_complete 'add_two_num' finished with '0'
[3.405s] DEBUG:colcon.colcon_core.executor.sequential:closing loop
[3.405s] DEBUG:colcon.colcon_core.executor.sequential:loop closed
[3.405s] DEBUG:colcon.colcon_core.event_reactor:joining thread
[3.405s] DEBUG:colcon.colcon_core.event_reactor:joined thread
[3.405s] INFO:colcon.colcon_core.shell:Creating prefix script '/home/uki/task/install/local_setup.sh'
[3.406s] INFO:colcon.colcon_core.shell:Creating prefix util module '/home/uki/task/install/_local_setup_util_sh.py'
[3.406s] INFO:colcon.colcon_core.shell:Creating prefix chain script '/home/uki/task/install/setup.sh'
